<?xml version="1.0" encoding="UTF-8"?>
<testsuite name="CinemaTests" tests="1" skipped="0" failures="0" errors="0" timestamp="2021-07-17T17:00:01" hostname="PCCZARKA" time="3.469">
  <properties/>
  <testcase name="start" classname="CinemaTests" time="3.469"/>
  <system-out><![CDATA[?[1;31m
Start test 1?[0m

  .   ____          _            __ _ _
 /\\ / ___'_ __ _ _(_)_ __  __ _ \ \ \ \
( ( )\___ | '_ | '_| | '_ \/ _` | \ \ \ \
 \\/  ___)| |_)| | | | | || (_| |  ) ) ) )
  '  |____| .__|_| |_|_| |_\__, | / / / /
 =========|_|==============|___/=/_/_/_/
 :: Spring Boot ::        (v2.3.1.RELEASE)

2021-07-17 19:00:01.650  INFO 12180 --- [    Test worker] cinema.Main                              : Starting Main on PCCZARKA with PID 12180 (started by Windows in G:\Projekty\Cinema Room REST Service\Cinema Room REST Service\task)
2021-07-17 19:00:01.653  INFO 12180 --- [    Test worker] cinema.Main                              : No active profile set, falling back to default profiles: default
2021-07-17 19:00:03.016  INFO 12180 --- [    Test worker] o.s.b.w.embedded.tomcat.TomcatWebServer  : Tomcat initialized with port(s): 8080 (http)
2021-07-17 19:00:03.028  INFO 12180 --- [    Test worker] o.apache.catalina.core.StandardService   : Starting service [Tomcat]
2021-07-17 19:00:03.028  INFO 12180 --- [    Test worker] org.apache.catalina.core.StandardEngine  : Starting Servlet engine: [Apache Tomcat/9.0.36]
2021-07-17 19:00:03.174  INFO 12180 --- [    Test worker] o.a.c.c.C.[Tomcat].[localhost].[/]       : Initializing Spring embedded WebApplicationContext
2021-07-17 19:00:03.174  INFO 12180 --- [    Test worker] w.s.c.ServletWebServerApplicationContext : Root WebApplicationContext: initialization completed in 1479 ms
2021-07-17 19:00:03.491  INFO 12180 --- [    Test worker] o.s.s.concurrent.ThreadPoolTaskExecutor  : Initializing ExecutorService 'applicationTaskExecutor'
2021-07-17 19:00:03.790  INFO 12180 --- [    Test worker] o.s.b.a.e.web.EndpointLinksResolver      : Exposing 14 endpoint(s) beneath base path '/actuator'
2021-07-17 19:00:03.839  INFO 12180 --- [    Test worker] o.s.b.w.embedded.tomcat.TomcatWebServer  : Tomcat started on port(s): 8080 (http) with context path ''
2021-07-17 19:00:03.856  INFO 12180 --- [    Test worker] cinema.Main                              : Started Main in 2.632 seconds (JVM running for 3.51)
2021-07-17 19:00:04.208  INFO 12180 --- [nio-8080-exec-1] o.a.c.c.C.[Tomcat].[localhost].[/]       : Initializing Spring DispatcherServlet 'dispatcherServlet'
2021-07-17 19:00:04.210  INFO 12180 --- [nio-8080-exec-1] o.s.web.servlet.DispatcherServlet        : Initializing Servlet 'dispatcherServlet'
2021-07-17 19:00:04.220  INFO 12180 --- [nio-8080-exec-1] o.s.web.servlet.DispatcherServlet        : Completed initialization in 10 ms
?[1;31m
Start test 2?[0m
?[1;31m
Start test 3?[0m
?[1;31m
Start test 4?[0m
?[1;31m
Start test 5?[0m
]]></system-out>
  <system-err><![CDATA[]]></system-err>
</testsuite>
